<?xml version="1.0" encoding="UTF-8"?>
<!-- Generated by org.testng.reporters.JUnitReportReporter -->
<testsuite skipped="0" hostname="C4HSZY2" name="com.cai.qa.bg.testScripts.BGG.VerifyHeaderLinks" tests="2" failures="0" timestamp="12 Dec 2019 10:07:56 GMT" time="8.951" errors="0">
  <testcase name="Launch" time="2.769" classname="com.cai.qa.bg.testScripts.BGG.VerifyHeaderLinks"/>
  <testcase name="HeaderLinks" time="6.182" classname="com.cai.qa.bg.testScripts.BGG.VerifyHeaderLinks"/>
</testsuite> <!-- com.cai.qa.bg.testScripts.BGG.VerifyHeaderLinks -->
