<?xml version="1.0" encoding="UTF-8"?>
<!-- Generated by org.testng.reporters.JUnitReportReporter -->
<testsuite skipped="0" hostname="C4HSZY2" name="com.cai.qa.bg.testScripts.BGG.CreateBGGetawayPackage_Resort" tests="5" failures="0" timestamp="12 Dec 2019 10:07:56 GMT" time="72.896" errors="0">
  <testcase name="Launch" time="1.959" classname="com.cai.qa.bg.testScripts.BGG.CreateBGGetawayPackage_Resort"/>
  <testcase name="SelectDestination" time="8.084" classname="com.cai.qa.bg.testScripts.BGG.CreateBGGetawayPackage_Resort"/>
  <testcase name="CheckAvailability" time="23.881" classname="com.cai.qa.bg.testScripts.BGG.CreateBGGetawayPackage_Resort"/>
  <testcase name="ConfirmAvailability" time="4.975" classname="com.cai.qa.bg.testScripts.BGG.CreateBGGetawayPackage_Resort"/>
  <testcase name="EnterPersonalInformationnBookPackage" time="33.997" classname="com.cai.qa.bg.testScripts.BGG.CreateBGGetawayPackage_Resort"/>
</testsuite> <!-- com.cai.qa.bg.testScripts.BGG.CreateBGGetawayPackage_Resort -->
