<?xml version="1.0" encoding="UTF-8"?>
<!-- Generated by org.testng.reporters.JUnitReportReporter -->
<testsuite skipped="0" hostname="5B4JG32" name="com.cai.qa.bg.testScripts.LaunchTE" tests="1" failures="0" timestamp="13 Sep 2019 13:02:18 GMT" time="6.487" errors="0">
  <testcase name="Launch" time="6.487" classname="com.cai.qa.bg.testScripts.LaunchTE"/>
</testsuite> <!-- com.cai.qa.bg.testScripts.LaunchTE -->
