<?xml version="1.0" encoding="UTF-8"?>
<!-- Generated by org.testng.reporters.JUnitReportReporter -->
<testsuite skipped="0" hostname="5B4JG32" name="com.te.qa.dcs.testScripts.en.LaunchTE" tests="1" failures="0" timestamp="12 Sep 2019 15:55:12 GMT" time="5.345" errors="0">
  <testcase name="Launch" time="5.345" classname="com.te.qa.dcs.testScripts.en.LaunchTE"/>
</testsuite> <!-- com.te.qa.dcs.testScripts.en.LaunchTE -->
