<?xml version="1.0" encoding="UTF-8"?>
<!-- Generated by org.testng.reporters.JUnitReportReporter -->
<testsuite skipped="0" hostname="C4HSZY2" name="com.cai.qa.bg.testScripts.BGG.CreateBGGetawayPackage_Hotel" tests="5" failures="0" timestamp="12 Dec 2019 10:07:56 GMT" time="51.661" errors="0">
  <testcase name="Launch" time="4.877" classname="com.cai.qa.bg.testScripts.BGG.CreateBGGetawayPackage_Hotel"/>
  <testcase name="SelectDestination" time="7.445" classname="com.cai.qa.bg.testScripts.BGG.CreateBGGetawayPackage_Hotel"/>
  <testcase name="CheckAvailability" time="9.064" classname="com.cai.qa.bg.testScripts.BGG.CreateBGGetawayPackage_Hotel"/>
  <testcase name="ConfirmAvailability" time="4.672" classname="com.cai.qa.bg.testScripts.BGG.CreateBGGetawayPackage_Hotel"/>
  <testcase name="EnterPersonalInformationnBookPackage" time="25.603" classname="com.cai.qa.bg.testScripts.BGG.CreateBGGetawayPackage_Hotel"/>
</testsuite> <!-- com.cai.qa.bg.testScripts.BGG.CreateBGGetawayPackage_Hotel -->
