<?xml version="1.0" encoding="UTF-8"?>
<!-- Generated by org.testng.reporters.JUnitReportReporter -->
<testsuite skipped="0" hostname="C4HSZY2" name="com.cai.qa.bg.testScripts.BGG.VerifySearchFunctionality" tests="2" failures="0" timestamp="12 Dec 2019 10:07:56 GMT" time="8.786" errors="0">
  <testcase name="Launch" time="1.748" classname="com.cai.qa.bg.testScripts.BGG.VerifySearchFunctionality"/>
  <testcase name="verifySearch" time="7.038" classname="com.cai.qa.bg.testScripts.BGG.VerifySearchFunctionality"/>
</testsuite> <!-- com.cai.qa.bg.testScripts.BGG.VerifySearchFunctionality -->
