<?xml version="1.0" encoding="UTF-8"?>
<!-- Generated by org.testng.reporters.JUnitReportReporter -->
<testsuite skipped="5" hostname="C4HSZY2" name="com.cai.qa.bg.testScripts.BGG.CreateBGGetawayPackage" tests="6" failures="0" timestamp="02 Dec 2019 14:52:54 GMT" time="0.000" errors="1">
  <testcase name="Launch" time="0.000" classname="com.cai.qa.bg.testScripts.BGG.CreateBGGetawayPackage">
    <skipped/>
  </testcase> <!-- Launch -->
  <testcase name="beforeSuite" time="0.000" classname="com.cai.qa.bg.testScripts.BGG.CreateBGGetawayPackage">
    <error type="org.testng.TestNGException" message="
Parameter &#039;BrowserName&#039; is required by BeforeSuite on method beforeSuite but has not been marked @Optional or defined
in C:\Users\chandrra\AppData\Local\Temp\testng-eclipse--737069022\testng-customsuite.xml">
      <![CDATA[org.testng.TestNGException: Parameter 'BrowserName' is required by BeforeSuite on method beforeSuite but has not been marked @Optional or definedin C:\Users\chandrra\AppData\Local\Temp\testng-eclipse--737069022\testng-customsuite.xmlat org.testng.internal.Parameters.createParams(Parameters.java:290)at org.testng.internal.Parameters.createParametersForMethod(Parameters.java:359)at org.testng.internal.Parameters.createParameters(Parameters.java:620)at org.testng.internal.Parameters.createConfigurationParameters(Parameters.java:190)at org.testng.internal.Invoker.invokeConfigurations(Invoker.java:209)at org.testng.internal.Invoker.invokeConfigurations(Invoker.java:142)at org.testng.SuiteRunner.privateRun(SuiteRunner.java:401)at org.testng.SuiteRunner.run(SuiteRunner.java:364)at org.testng.SuiteRunnerWorker.runSuite(SuiteRunnerWorker.java:52)at org.testng.SuiteRunnerWorker.run(SuiteRunnerWorker.java:84)at org.testng.TestNG.runSuitesSequentially(TestNG.java:1187)at org.testng.TestNG.runSuitesLocally(TestNG.java:1116)at org.testng.TestNG.runSuites(TestNG.java:1028)at org.testng.TestNG.run(TestNG.java:996)at org.testng.remote.AbstractRemoteTestNG.run(AbstractRemoteTestNG.java:114)at org.testng.remote.RemoteTestNG.initAndRun(RemoteTestNG.java:251)at org.testng.remote.RemoteTestNG.main(RemoteTestNG.java:77)]]>
    </error>
  </testcase> <!-- beforeSuite -->
  <testcase name="SelectDestination" time="0.000" classname="com.cai.qa.bg.testScripts.BGG.CreateBGGetawayPackage">
    <skipped/>
  </testcase> <!-- SelectDestination -->
  <testcase name="CheckAvailability" time="0.000" classname="com.cai.qa.bg.testScripts.BGG.CreateBGGetawayPackage">
    <skipped/>
  </testcase> <!-- CheckAvailability -->
  <testcase name="ConfirmAvailability" time="0.000" classname="com.cai.qa.bg.testScripts.BGG.CreateBGGetawayPackage">
    <skipped/>
  </testcase> <!-- ConfirmAvailability -->
  <testcase name="EnterPersonalInformationnBookPackage" time="0.000" classname="com.cai.qa.bg.testScripts.BGG.CreateBGGetawayPackage">
    <skipped/>
  </testcase> <!-- EnterPersonalInformationnBookPackage -->
</testsuite> <!-- com.cai.qa.bg.testScripts.BGG.CreateBGGetawayPackage -->
