<?xml version="1.0" encoding="UTF-8"?>
<!-- Generated by org.testng.reporters.JUnitReportReporter -->
<testsuite skipped="0" hostname="C4HSZY2" name="com.cai.qa.bg.testScripts.BGG.CreateBGGetawayPackage" tests="1" failures="0" timestamp="25 Sep 2019 03:10:14 GMT" time="6.728" errors="0">
  <testcase name="Launch" time="6.728" classname="com.cai.qa.bg.testScripts.BGG.CreateBGGetawayPackage"/>
</testsuite> <!-- com.cai.qa.bg.testScripts.BGG.CreateBGGetawayPackage -->
