<?xml version="1.0" encoding="UTF-8"?>
<!-- Generated by org.testng.reporters.JUnitReportReporter -->
<testsuite skipped="0" hostname="C4HSZY2" name="com.cai.qa.bg.testScripts.BGG.VerifyFooterLinks" tests="2" failures="0" timestamp="12 Dec 2019 10:07:56 GMT" time="51.374" errors="0">
  <testcase name="Launch" time="1.915" classname="com.cai.qa.bg.testScripts.BGG.VerifyFooterLinks"/>
  <testcase name="verifyFooterLinks" time="49.459" classname="com.cai.qa.bg.testScripts.BGG.VerifyFooterLinks"/>
</testsuite> <!-- com.cai.qa.bg.testScripts.BGG.VerifyFooterLinks -->
