<?xml version="1.0" encoding="UTF-8"?>
<!-- Generated by org.testng.reporters.JUnitReportReporter -->
<testsuite skipped="1" hostname="DESKTOP-OEPF5B3" name="com.te.qa.dcs.utils.ExcelDataProvider" tests="1" failures="0" timestamp="28 Aug 2019 09:47:46 GMT" time="0.000" errors="0">
  <testcase name="test1" time="0.000" classname="com.te.qa.dcs.utils.ExcelDataProvider">
    <skipped/>
  </testcase> <!-- test1 -->
</testsuite> <!-- com.te.qa.dcs.utils.ExcelDataProvider -->
