<?xml version="1.0" encoding="UTF-8"?>
<!-- Generated by org.testng.reporters.JUnitReportReporter -->
<testsuite skipped="0" hostname="5B4JG32" name="com.cai.qa.bg.utils.TestNGGroups" tests="1" failures="0" timestamp="16 Sep 2019 10:21:27 GMT" time="0.017" errors="0">
  <testcase name="Test3" time="0.017" classname="com.cai.qa.bg.utils.TestNGGroups"/>
</testsuite> <!-- com.cai.qa.bg.utils.TestNGGroups -->
