<?xml version="1.0" encoding="UTF-8"?>
<!-- Generated by org.testng.reporters.JUnitReportReporter -->
<testsuite skipped="0" hostname="5B4JG32" name="com.cai.qa.bg.utils.ExcelDataProvider" tests="1" failures="0" timestamp="13 Sep 2019 15:52:43 GMT" time="0.013" errors="0">
  <testcase name="test1" time="0.013" classname="com.cai.qa.bg.utils.ExcelDataProvider"/>
</testsuite> <!-- com.cai.qa.bg.utils.ExcelDataProvider -->
