<?xml version="1.0" encoding="UTF-8"?>
<!-- Generated by org.testng.reporters.JUnitReportReporter -->
<testsuite hostname="C4HSZY2" failures="0" tests="2" name="com.cai.qa.bg.testScripts.BGG.VerifyFooterLinks" time="47.914" errors="0" timestamp="13 Dec 2019 13:05:37 GMT" skipped="0">
  <testcase classname="com.cai.qa.bg.testScripts.BGG.VerifyFooterLinks" name="Launch" time="1.469"/>
  <testcase classname="com.cai.qa.bg.testScripts.BGG.VerifyFooterLinks" name="verifyFooterLinks" time="46.445"/>
</testsuite> <!-- com.cai.qa.bg.testScripts.BGG.VerifyFooterLinks -->
