<?xml version="1.0" encoding="UTF-8"?>
<!-- Generated by org.testng.reporters.JUnitReportReporter -->
<testsuite hostname="C4HSZY2" failures="0" tests="1" name="com.cai.qa.bg.testScripts.BGG.CreateBGGetawayPackage" time="5.108" errors="0" timestamp="31 Oct 2019 10:26:17 GMT" skipped="0">
  <testcase classname="com.cai.qa.bg.testScripts.BGG.CreateBGGetawayPackage" name="Launch" time="5.108"/>
</testsuite> <!-- com.cai.qa.bg.testScripts.BGG.CreateBGGetawayPackage -->
