<?xml version="1.0" encoding="UTF-8"?>
<!-- Generated by org.testng.reporters.JUnitReportReporter -->
<testsuite hostname="C4HSZY2" failures="0" tests="2" name="com.cai.qa.bg.testScripts.BGG.VerifyHeaderLinks" time="8.414" errors="0" timestamp="13 Dec 2019 13:05:37 GMT" skipped="0">
  <testcase classname="com.cai.qa.bg.testScripts.BGG.VerifyHeaderLinks" name="Launch" time="2.237"/>
  <testcase classname="com.cai.qa.bg.testScripts.BGG.VerifyHeaderLinks" name="Verify_HeaderLinks" time="6.177"/>
</testsuite> <!-- com.cai.qa.bg.testScripts.BGG.VerifyHeaderLinks -->
