<?xml version="1.0" encoding="UTF-8"?>
<!-- Generated by org.testng.reporters.JUnitReportReporter -->
<testsuite hostname="C4HSZY2" failures="0" tests="5" name="com.cai.qa.bg.testScripts.BGG.CreateBGGetawayPackage_Hotel" time="80.351" errors="0" timestamp="13 Dec 2019 13:05:37 GMT" skipped="0">
  <testcase classname="com.cai.qa.bg.testScripts.BGG.CreateBGGetawayPackage_Hotel" name="Launch" time="6.310"/>
  <testcase classname="com.cai.qa.bg.testScripts.BGG.CreateBGGetawayPackage_Hotel" name="SelectDestination" time="12.605"/>
  <testcase classname="com.cai.qa.bg.testScripts.BGG.CreateBGGetawayPackage_Hotel" name="CheckAvailability" time="19.045"/>
  <testcase classname="com.cai.qa.bg.testScripts.BGG.CreateBGGetawayPackage_Hotel" name="ConfirmAvailability" time="7.787"/>
  <testcase classname="com.cai.qa.bg.testScripts.BGG.CreateBGGetawayPackage_Hotel" name="EnterPersonalInformationnBookPackage" time="34.604"/>
</testsuite> <!-- com.cai.qa.bg.testScripts.BGG.CreateBGGetawayPackage_Hotel -->
